app/build/intermediates/manifest_merge_blame_file/release/processReleaseMainManifest/manifest-merger-blame-release-report.txt
1<?xml version="1.0" encoding="utf-8"?>
2<manifest xmlns:android="http://schemas.android.com/apk/res/android"
3    package="com.clarezafinanceira.app"
4    android:versionCode="1"
5    android:versionName="1.0" >
6
7    <uses-sdk
7-->INJECTED
8        android:minSdkVersion="26"
8-->INJECTED
9        android:targetSdkVersion="37" />
9-->INJECTED
10
11    <permission
11-->[androidx.core:core:1.18.0] AndroidManifest.xml:22:5-24:47
12        android:name="com.clarezafinanceira.app.DYNAMIC_RECEIVER_NOT_EXPORTED_PERMISSION"
12-->[androidx.core:core:1.18.0] AndroidManifest.xml:23:9-81
13        android:protectionLevel="signature" />
13-->[androidx.core:core:1.18.0] AndroidManifest.xml:24:9-44
14
15    <uses-permission android:name="com.clarezafinanceira.app.DYNAMIC_RECEIVER_NOT_EXPORTED_PERMISSION" />
15-->[androidx.core:core:1.18.0] AndroidManifest.xml:26:5-97
15-->[androidx.core:core:1.18.0] AndroidManifest.xml:26:22-94
16
17    <application
17-->src\main\AndroidManifest.xml:4:5-18:19
18        android:allowBackup="true"
18-->src\main\AndroidManifest.xml:5:9-35
19        android:appComponentFactory="androidx.core.app.CoreComponentFactory"
19-->[androidx.core:core:1.18.0] AndroidManifest.xml:28:18-86
20        android:extractNativeLibs="false"
20-->INJECTED
21        android:label="@string/app_name"
21-->src\main\AndroidManifest.xml:6:9-41
22        android:supportsRtl="true"
22-->src\main\AndroidManifest.xml:7:9-35
23        android:theme="@style/Theme.ClarezaFinanceira" >
23-->src\main\AndroidManifest.xml:8:9-55
24        <activity
24-->src\main\AndroidManifest.xml:9:9-17:20
25            android:name="com.clarezafinanceira.app.MainActivity"
25-->src\main\AndroidManifest.xml:10:13-41
26            android:exported="true" >
26-->src\main\AndroidManifest.xml:11:13-36
27            <intent-filter>
27-->src\main\AndroidManifest.xml:12:13-16:29
28                <action android:name="android.intent.action.MAIN" />
28-->src\main\AndroidManifest.xml:13:17-69
28-->src\main\AndroidManifest.xml:13:25-66
29
30                <category android:name="android.intent.category.LAUNCHER" />
30-->src\main\AndroidManifest.xml:15:17-77
30-->src\main\AndroidManifest.xml:15:27-74
31            </intent-filter>
32        </activity>
33
34        <uses-library
34-->[androidx.window:window:1.5.0] AndroidManifest.xml:23:9-25:40
35            android:name="androidx.window.extensions"
35-->[androidx.window:window:1.5.0] AndroidManifest.xml:24:13-54
36            android:required="false" />
36-->[androidx.window:window:1.5.0] AndroidManifest.xml:25:13-37
37        <uses-library
37-->[androidx.window:window:1.5.0] AndroidManifest.xml:26:9-28:40
38            android:name="androidx.window.sidecar"
38-->[androidx.window:window:1.5.0] AndroidManifest.xml:27:13-51
39            android:required="false" />
39-->[androidx.window:window:1.5.0] AndroidManifest.xml:28:13-37
40
41        <provider
41-->[androidx.emoji2:emoji2:1.4.0] AndroidManifest.xml:24:9-32:20
42            android:name="androidx.startup.InitializationProvider"
42-->[androidx.emoji2:emoji2:1.4.0] AndroidManifest.xml:25:13-67
43            android:authorities="com.clarezafinanceira.app.androidx-startup"
43-->[androidx.emoji2:emoji2:1.4.0] AndroidManifest.xml:26:13-68
44            android:exported="false" >
44-->[androidx.emoji2:emoji2:1.4.0] AndroidManifest.xml:27:13-37
45            <meta-data
45-->[androidx.emoji2:emoji2:1.4.0] AndroidManifest.xml:29:13-31:52
46                android:name="androidx.emoji2.text.EmojiCompatInitializer"
46-->[androidx.emoji2:emoji2:1.4.0] AndroidManifest.xml:30:17-75
47                android:value="androidx.startup" />
47-->[androidx.emoji2:emoji2:1.4.0] AndroidManifest.xml:31:17-49
48            <meta-data
48-->[androidx.lifecycle:lifecycle-process:2.9.4] AndroidManifest.xml:29:13-31:52
49                android:name="androidx.lifecycle.ProcessLifecycleInitializer"
49-->[androidx.lifecycle:lifecycle-process:2.9.4] AndroidManifest.xml:30:17-78
50                android:value="androidx.startup" />
50-->[androidx.lifecycle:lifecycle-process:2.9.4] AndroidManifest.xml:31:17-49
51            <meta-data
51-->[androidx.profileinstaller:profileinstaller:1.4.0] AndroidManifest.xml:29:13-31:52
52                android:name="androidx.profileinstaller.ProfileInstallerInitializer"
52-->[androidx.profileinstaller:profileinstaller:1.4.0] AndroidManifest.xml:30:17-85
53                android:value="androidx.startup" />
53-->[androidx.profileinstaller:profileinstaller:1.4.0] AndroidManifest.xml:31:17-49
54        </provider>
55
56        <receiver
56-->[androidx.profileinstaller:profileinstaller:1.4.0] AndroidManifest.xml:34:9-52:20
57            android:name="androidx.profileinstaller.ProfileInstallReceiver"
57-->[androidx.profileinstaller:profileinstaller:1.4.0] AndroidManifest.xml:35:13-76
58            android:directBootAware="false"
58-->[androidx.profileinstaller:profileinstaller:1.4.0] AndroidManifest.xml:36:13-44
59            android:enabled="true"
59-->[androidx.profileinstaller:profileinstaller:1.4.0] AndroidManifest.xml:37:13-35
60            android:exported="true"
60-->[androidx.profileinstaller:profileinstaller:1.4.0] AndroidManifest.xml:38:13-36
61            android:permission="android.permission.DUMP" >
61-->[androidx.profileinstaller:profileinstaller:1.4.0] AndroidManifest.xml:39:13-57
62            <intent-filter>
62-->[androidx.profileinstaller:profileinstaller:1.4.0] AndroidManifest.xml:40:13-42:29
63                <action android:name="androidx.profileinstaller.action.INSTALL_PROFILE" />
63-->[androidx.profileinstaller:profileinstaller:1.4.0] AndroidManifest.xml:41:17-91
63-->[androidx.profileinstaller:profileinstaller:1.4.0] AndroidManifest.xml:41:25-88
64            </intent-filter>
65            <intent-filter>
65-->[androidx.profileinstaller:profileinstaller:1.4.0] AndroidManifest.xml:43:13-45:29
66                <action android:name="androidx.profileinstaller.action.SKIP_FILE" />
66-->[androidx.profileinstaller:profileinstaller:1.4.0] AndroidManifest.xml:44:17-85
66-->[androidx.profileinstaller:profileinstaller:1.4.0] AndroidManifest.xml:44:25-82
67            </intent-filter>
68            <intent-filter>
68-->[androidx.profileinstaller:profileinstaller:1.4.0] AndroidManifest.xml:46:13-48:29
69                <action android:name="androidx.profileinstaller.action.SAVE_PROFILE" />
69-->[androidx.profileinstaller:profileinstaller:1.4.0] AndroidManifest.xml:47:17-88
69-->[androidx.profileinstaller:profileinstaller:1.4.0] AndroidManifest.xml:47:25-85
70            </intent-filter>
71            <intent-filter>
71-->[androidx.profileinstaller:profileinstaller:1.4.0] AndroidManifest.xml:49:13-51:29
72                <action android:name="androidx.profileinstaller.action.BENCHMARK_OPERATION" />
72-->[androidx.profileinstaller:profileinstaller:1.4.0] AndroidManifest.xml:50:17-95
72-->[androidx.profileinstaller:profileinstaller:1.4.0] AndroidManifest.xml:50:25-92
73            </intent-filter>
74        </receiver>
75    </application>
76
77</manifest>